[2024-03-04 09:10:45,505] INFO [QuorumController id=1] Creating new QuorumController with clusterId HXOqQRg1QfmzapEsVW6VjA. (org.apache.kafka.controller.QuorumController)
[2024-03-04 09:10:45,507] INFO [QuorumController id=1] Becoming the active controller at epoch 1, next write offset 1. (org.apache.kafka.controller.QuorumController)
[2024-03-04 09:10:45,509] WARN [QuorumController id=1] Performing controller activation. The metadata log appears to be empty. Appending 1 bootstrap record(s) in metadata transaction at metadata.version 3.6-IV2 from bootstrap source 'the binary bootstrap metadata file: /tmp/kraft-combined-logs/bootstrap.checkpoint'. Setting the ZK migration state to NONE since this is a de-novo KRaft cluster. (org.apache.kafka.controller.QuorumController)
[2024-03-04 09:10:45,509] INFO [QuorumController id=1] Replayed BeginTransactionRecord(name='Bootstrap records') at offset 1. (org.apache.kafka.controller.OffsetControlManager)
[2024-03-04 09:10:45,509] INFO [QuorumController id=1] Replayed a FeatureLevelRecord setting metadata version to 3.6-IV2 (org.apache.kafka.controller.FeatureControlManager)
[2024-03-04 09:10:45,510] INFO [QuorumController id=1] Replayed EndTransactionRecord() at offset 4. (org.apache.kafka.controller.OffsetControlManager)
[2024-03-04 09:10:45,623] INFO [QuorumController id=1] Replayed initial RegisterBrokerRecord for broker 1: RegisterBrokerRecord(brokerId=1, isMigratingZkBroker=false, incarnationId=KkqXKJjWT4GxwK9twOC7Dw, brokerEpoch=5, endPoints=[BrokerEndpoint(name='PLAINTEXT', host='localhost', port=9092, securityProtocol=0)], features=[BrokerFeature(name='metadata.version', minSupportedVersion=1, maxSupportedVersion=14)], rack=null, fenced=true, inControlledShutdown=false) (org.apache.kafka.controller.ClusterControlManager)
[2024-03-04 09:10:45,674] INFO [QuorumController id=1] The request from broker 1 to unfence has been granted because it has caught up with the offset of its register broker record 5. (org.apache.kafka.controller.BrokerHeartbeatManager)
[2024-03-04 09:10:45,676] INFO [QuorumController id=1] Replayed BrokerRegistrationChangeRecord modifying the registration for broker 1: BrokerRegistrationChangeRecord(brokerId=1, brokerEpoch=5, fenced=-1, inControlledShutdown=0) (org.apache.kafka.controller.ClusterControlManager)
[2024-03-04 09:10:45,712] INFO [QuorumController id=1] Unfenced broker 1 has requested and been granted an immediate shutdown. (org.apache.kafka.controller.BrokerHeartbeatManager)
[2024-03-04 09:10:45,712] INFO [QuorumController id=1] Replayed BrokerRegistrationChangeRecord modifying the registration for broker 1: BrokerRegistrationChangeRecord(brokerId=1, brokerEpoch=5, fenced=1, inControlledShutdown=0) (org.apache.kafka.controller.ClusterControlManager)
[2024-03-04 09:10:46,020] INFO [QuorumController id=1] writeNoOpRecord: event unable to start processing because of RejectedExecutionException (treated as TimeoutException). (org.apache.kafka.controller.QuorumController)
[2024-03-04 09:12:48,801] INFO [QuorumController id=1] Creating new QuorumController with clusterId HXOqQRg1QfmzapEsVW6VjA. (org.apache.kafka.controller.QuorumController)
[2024-03-04 09:12:48,803] INFO [QuorumController id=1] Replayed BeginTransactionRecord(name='Bootstrap records') at offset 1. (org.apache.kafka.controller.OffsetControlManager)
[2024-03-04 09:12:48,803] INFO [QuorumController id=1] Replayed a FeatureLevelRecord setting metadata version to 3.6-IV2 (org.apache.kafka.controller.FeatureControlManager)
[2024-03-04 09:12:48,803] INFO [QuorumController id=1] Replayed EndTransactionRecord() at offset 4. (org.apache.kafka.controller.OffsetControlManager)
[2024-03-04 09:12:48,803] INFO [QuorumController id=1] Replayed initial RegisterBrokerRecord for broker 1: RegisterBrokerRecord(brokerId=1, isMigratingZkBroker=false, incarnationId=KkqXKJjWT4GxwK9twOC7Dw, brokerEpoch=5, endPoints=[BrokerEndpoint(name='PLAINTEXT', host='localhost', port=9092, securityProtocol=0)], features=[BrokerFeature(name='metadata.version', minSupportedVersion=1, maxSupportedVersion=14)], rack=null, fenced=true, inControlledShutdown=false) (org.apache.kafka.controller.ClusterControlManager)
[2024-03-04 09:12:48,804] INFO [QuorumController id=1] Replayed BrokerRegistrationChangeRecord modifying the registration for broker 1: BrokerRegistrationChangeRecord(brokerId=1, brokerEpoch=5, fenced=-1, inControlledShutdown=0) (org.apache.kafka.controller.ClusterControlManager)
[2024-03-04 09:12:48,804] INFO [QuorumController id=1] Replayed BrokerRegistrationChangeRecord modifying the registration for broker 1: BrokerRegistrationChangeRecord(brokerId=1, brokerEpoch=5, fenced=1, inControlledShutdown=0) (org.apache.kafka.controller.ClusterControlManager)
[2024-03-04 09:12:48,804] INFO [QuorumController id=1] Becoming the active controller at epoch 2, next write offset 9. (org.apache.kafka.controller.QuorumController)
[2024-03-04 09:12:48,805] WARN [QuorumController id=1] Performing controller activation. Loaded ZK migration state of NONE. (org.apache.kafka.controller.QuorumController)
[2024-03-04 09:12:48,919] INFO [QuorumController id=1] Replayed RegisterBrokerRecord establishing a new incarnation of broker 1: RegisterBrokerRecord(brokerId=1, isMigratingZkBroker=false, incarnationId=KYv_yPBtS46r_SU5F9vDOA, brokerEpoch=9, endPoints=[BrokerEndpoint(name='PLAINTEXT', host='localhost', port=9092, securityProtocol=0)], features=[BrokerFeature(name='metadata.version', minSupportedVersion=1, maxSupportedVersion=14)], rack=null, fenced=true, inControlledShutdown=false) (org.apache.kafka.controller.ClusterControlManager)
[2024-03-04 09:12:48,977] INFO [QuorumController id=1] The request from broker 1 to unfence has been granted because it has caught up with the offset of its register broker record 9. (org.apache.kafka.controller.BrokerHeartbeatManager)
[2024-03-04 09:12:48,979] INFO [QuorumController id=1] Replayed BrokerRegistrationChangeRecord modifying the registration for broker 1: BrokerRegistrationChangeRecord(brokerId=1, brokerEpoch=9, fenced=-1, inControlledShutdown=0) (org.apache.kafka.controller.ClusterControlManager)
[2024-03-04 09:12:49,019] INFO [QuorumController id=1] Unfenced broker 1 has requested and been granted an immediate shutdown. (org.apache.kafka.controller.BrokerHeartbeatManager)
[2024-03-04 09:12:49,019] INFO [QuorumController id=1] Replayed BrokerRegistrationChangeRecord modifying the registration for broker 1: BrokerRegistrationChangeRecord(brokerId=1, brokerEpoch=9, fenced=1, inControlledShutdown=0) (org.apache.kafka.controller.ClusterControlManager)
[2024-03-04 09:12:49,311] INFO [QuorumController id=1] writeNoOpRecord: event unable to start processing because of RejectedExecutionException (treated as TimeoutException). (org.apache.kafka.controller.QuorumController)
[2024-03-04 09:14:09,344] INFO [QuorumController id=1] Creating new QuorumController with clusterId HXOqQRg1QfmzapEsVW6VjA. (org.apache.kafka.controller.QuorumController)
[2024-03-04 09:14:09,346] INFO [QuorumController id=1] Replayed BeginTransactionRecord(name='Bootstrap records') at offset 1. (org.apache.kafka.controller.OffsetControlManager)
[2024-03-04 09:14:09,346] INFO [QuorumController id=1] Replayed a FeatureLevelRecord setting metadata version to 3.6-IV2 (org.apache.kafka.controller.FeatureControlManager)
[2024-03-04 09:14:09,346] INFO [QuorumController id=1] Replayed EndTransactionRecord() at offset 4. (org.apache.kafka.controller.OffsetControlManager)
[2024-03-04 09:14:09,347] INFO [QuorumController id=1] Replayed initial RegisterBrokerRecord for broker 1: RegisterBrokerRecord(brokerId=1, isMigratingZkBroker=false, incarnationId=KkqXKJjWT4GxwK9twOC7Dw, brokerEpoch=5, endPoints=[BrokerEndpoint(name='PLAINTEXT', host='localhost', port=9092, securityProtocol=0)], features=[BrokerFeature(name='metadata.version', minSupportedVersion=1, maxSupportedVersion=14)], rack=null, fenced=true, inControlledShutdown=false) (org.apache.kafka.controller.ClusterControlManager)
[2024-03-04 09:14:09,348] INFO [QuorumController id=1] Replayed BrokerRegistrationChangeRecord modifying the registration for broker 1: BrokerRegistrationChangeRecord(brokerId=1, brokerEpoch=5, fenced=-1, inControlledShutdown=0) (org.apache.kafka.controller.ClusterControlManager)
[2024-03-04 09:14:09,348] INFO [QuorumController id=1] Replayed BrokerRegistrationChangeRecord modifying the registration for broker 1: BrokerRegistrationChangeRecord(brokerId=1, brokerEpoch=5, fenced=1, inControlledShutdown=0) (org.apache.kafka.controller.ClusterControlManager)
[2024-03-04 09:14:09,348] INFO [QuorumController id=1] Replayed RegisterBrokerRecord establishing a new incarnation of broker 1: RegisterBrokerRecord(brokerId=1, isMigratingZkBroker=false, incarnationId=KYv_yPBtS46r_SU5F9vDOA, brokerEpoch=9, endPoints=[BrokerEndpoint(name='PLAINTEXT', host='localhost', port=9092, securityProtocol=0)], features=[BrokerFeature(name='metadata.version', minSupportedVersion=1, maxSupportedVersion=14)], rack=null, fenced=true, inControlledShutdown=false) (org.apache.kafka.controller.ClusterControlManager)
[2024-03-04 09:14:09,348] INFO [QuorumController id=1] Replayed BrokerRegistrationChangeRecord modifying the registration for broker 1: BrokerRegistrationChangeRecord(brokerId=1, brokerEpoch=9, fenced=-1, inControlledShutdown=0) (org.apache.kafka.controller.ClusterControlManager)
[2024-03-04 09:14:09,348] INFO [QuorumController id=1] Replayed BrokerRegistrationChangeRecord modifying the registration for broker 1: BrokerRegistrationChangeRecord(brokerId=1, brokerEpoch=9, fenced=1, inControlledShutdown=0) (org.apache.kafka.controller.ClusterControlManager)
[2024-03-04 09:14:09,349] INFO [QuorumController id=1] Becoming the active controller at epoch 3, next write offset 13. (org.apache.kafka.controller.QuorumController)
[2024-03-04 09:14:09,350] WARN [QuorumController id=1] Performing controller activation. Loaded ZK migration state of NONE. (org.apache.kafka.controller.QuorumController)
[2024-03-04 09:14:09,464] INFO [QuorumController id=1] Replayed RegisterBrokerRecord establishing a new incarnation of broker 1: RegisterBrokerRecord(brokerId=1, isMigratingZkBroker=false, incarnationId=RydtK0skQJC-5rkahIdezw, brokerEpoch=13, endPoints=[BrokerEndpoint(name='PLAINTEXT', host='localhost', port=9092, securityProtocol=0)], features=[BrokerFeature(name='metadata.version', minSupportedVersion=1, maxSupportedVersion=14)], rack=null, fenced=true, inControlledShutdown=false) (org.apache.kafka.controller.ClusterControlManager)
[2024-03-04 09:14:09,506] INFO [QuorumController id=1] The request from broker 1 to unfence has been granted because it has caught up with the offset of its register broker record 13. (org.apache.kafka.controller.BrokerHeartbeatManager)
[2024-03-04 09:14:09,507] INFO [QuorumController id=1] Replayed BrokerRegistrationChangeRecord modifying the registration for broker 1: BrokerRegistrationChangeRecord(brokerId=1, brokerEpoch=13, fenced=-1, inControlledShutdown=0) (org.apache.kafka.controller.ClusterControlManager)
[2024-03-04 09:14:51,490] INFO [QuorumController id=1] Unfenced broker 1 has requested and been granted an immediate shutdown. (org.apache.kafka.controller.BrokerHeartbeatManager)
[2024-03-04 09:14:51,491] INFO [QuorumController id=1] Replayed BrokerRegistrationChangeRecord modifying the registration for broker 1: BrokerRegistrationChangeRecord(brokerId=1, brokerEpoch=13, fenced=1, inControlledShutdown=0) (org.apache.kafka.controller.ClusterControlManager)
[2024-03-04 09:14:51,608] INFO [QuorumController id=1] writeNoOpRecord: event unable to start processing because of RejectedExecutionException (treated as TimeoutException). (org.apache.kafka.controller.QuorumController)
[2024-03-04 09:31:03,092] INFO [QuorumController id=1] Creating new QuorumController with clusterId QT0bcoUxSL2WFJ4tMB2Fwg. (org.apache.kafka.controller.QuorumController)
[2024-03-04 09:31:04,592] INFO [QuorumController id=1] In the new epoch 1, the leader is (none). (org.apache.kafka.controller.QuorumController)
[2024-03-04 09:31:06,252] INFO [QuorumController id=1] In the new epoch 2, the leader is (none). (org.apache.kafka.controller.QuorumController)
[2024-03-04 09:31:07,435] INFO [QuorumController id=1] In the new epoch 3, the leader is (none). (org.apache.kafka.controller.QuorumController)
[2024-03-04 09:31:08,846] INFO [QuorumController id=1] In the new epoch 4, the leader is (none). (org.apache.kafka.controller.QuorumController)
[2024-03-04 09:31:11,704] INFO [QuorumController id=1] In the new epoch 5, the leader is (none). (org.apache.kafka.controller.QuorumController)
[2024-03-04 09:31:13,707] INFO [QuorumController id=1] In the new epoch 6, the leader is (none). (org.apache.kafka.controller.QuorumController)
[2024-03-04 09:31:16,535] INFO [QuorumController id=1] In the new epoch 7, the leader is (none). (org.apache.kafka.controller.QuorumController)
[2024-03-04 09:31:18,889] INFO [QuorumController id=1] In the new epoch 8, the leader is (none). (org.apache.kafka.controller.QuorumController)
[2024-03-04 09:31:21,586] INFO [QuorumController id=1] In the new epoch 9, the leader is (none). (org.apache.kafka.controller.QuorumController)
[2024-03-04 09:31:24,380] INFO [QuorumController id=1] In the new epoch 10, the leader is (none). (org.apache.kafka.controller.QuorumController)
[2024-03-04 09:31:26,866] INFO [QuorumController id=1] In the new epoch 11, the leader is (none). (org.apache.kafka.controller.QuorumController)
[2024-03-04 09:31:29,747] INFO [QuorumController id=1] In the new epoch 12, the leader is (none). (org.apache.kafka.controller.QuorumController)
[2024-03-04 09:31:31,915] INFO [QuorumController id=1] In the new epoch 13, the leader is (none). (org.apache.kafka.controller.QuorumController)
[2024-03-04 09:31:34,879] INFO [QuorumController id=1] In the new epoch 14, the leader is (none). (org.apache.kafka.controller.QuorumController)
[2024-03-04 09:31:37,807] INFO [QuorumController id=1] In the new epoch 15, the leader is (none). (org.apache.kafka.controller.QuorumController)
[2024-03-04 09:31:39,908] INFO [QuorumController id=1] In the new epoch 16, the leader is (none). (org.apache.kafka.controller.QuorumController)
[2024-03-04 09:31:42,242] INFO [QuorumController id=1] In the new epoch 17, the leader is (none). (org.apache.kafka.controller.QuorumController)
[2024-03-04 09:31:45,079] INFO [QuorumController id=1] In the new epoch 18, the leader is (none). (org.apache.kafka.controller.QuorumController)
[2024-03-04 09:31:47,119] INFO [QuorumController id=1] In the new epoch 19, the leader is (none). (org.apache.kafka.controller.QuorumController)
[2024-03-04 09:31:49,668] INFO [QuorumController id=1] In the new epoch 20, the leader is (none). (org.apache.kafka.controller.QuorumController)
[2024-03-04 09:31:52,549] INFO [QuorumController id=1] In the new epoch 21, the leader is (none). (org.apache.kafka.controller.QuorumController)
[2024-03-04 09:31:54,611] INFO [QuorumController id=1] In the new epoch 22, the leader is (none). (org.apache.kafka.controller.QuorumController)
[2024-03-04 09:31:57,269] INFO [QuorumController id=1] In the new epoch 23, the leader is (none). (org.apache.kafka.controller.QuorumController)
[2024-03-04 09:32:00,030] INFO [QuorumController id=1] In the new epoch 24, the leader is (none). (org.apache.kafka.controller.QuorumController)
[2024-03-04 09:32:02,060] INFO [QuorumController id=1] In the new epoch 25, the leader is (none). (org.apache.kafka.controller.QuorumController)
[2024-03-04 09:33:50,305] INFO [QuorumController id=1] Creating new QuorumController with clusterId QT0bcoUxSL2WFJ4tMB2Fwg. (org.apache.kafka.controller.QuorumController)
[2024-03-04 09:33:52,035] INFO [QuorumController id=1] In the new epoch 26, the leader is (none). (org.apache.kafka.controller.QuorumController)
[2024-03-04 09:33:53,944] INFO [QuorumController id=1] In the new epoch 27, the leader is (none). (org.apache.kafka.controller.QuorumController)
[2024-03-04 09:33:55,930] INFO [QuorumController id=1] In the new epoch 28, the leader is (none). (org.apache.kafka.controller.QuorumController)
[2024-03-04 09:33:56,386] INFO [QuorumController id=3] Creating new QuorumController with clusterId QT0bcoUxSL2WFJ4tMB2Fwg. (org.apache.kafka.controller.QuorumController)
[2024-03-04 09:33:56,620] INFO [QuorumController id=3] In the new epoch 28, the leader is (none). (org.apache.kafka.controller.QuorumController)
[2024-03-04 09:33:56,666] INFO [QuorumController id=3] In the new epoch 28, the leader is 1. (org.apache.kafka.controller.QuorumController)
[2024-03-04 09:33:56,689] INFO [QuorumController id=1] registerBroker: event failed with NotControllerException in 177 microseconds. (org.apache.kafka.controller.QuorumController)
[2024-03-04 09:33:56,691] INFO [QuorumController id=1] registerBroker: event failed with NotControllerException in 27 microseconds. (org.apache.kafka.controller.QuorumController)
[2024-03-04 09:33:56,725] INFO [QuorumController id=1] Becoming the active controller at epoch 28, next write offset 1. (org.apache.kafka.controller.QuorumController)
[2024-03-04 09:33:56,728] WARN [QuorumController id=1] Performing controller activation. The metadata log appears to be empty. Appending 1 bootstrap record(s) in metadata transaction at metadata.version 3.6-IV2 from bootstrap source 'the binary bootstrap metadata file: /tmp/server-1/kraft-combined-logs/bootstrap.checkpoint'. Setting the ZK migration state to NONE since this is a de-novo KRaft cluster. (org.apache.kafka.controller.QuorumController)
[2024-03-04 09:33:56,729] INFO [QuorumController id=1] Replayed BeginTransactionRecord(name='Bootstrap records') at offset 1. (org.apache.kafka.controller.OffsetControlManager)
[2024-03-04 09:33:56,729] INFO [QuorumController id=1] Replayed a FeatureLevelRecord setting metadata version to 3.6-IV2 (org.apache.kafka.controller.FeatureControlManager)
[2024-03-04 09:33:56,730] INFO [QuorumController id=1] Replayed EndTransactionRecord() at offset 4. (org.apache.kafka.controller.OffsetControlManager)
[2024-03-04 09:33:56,748] INFO [QuorumController id=1] Replayed initial RegisterBrokerRecord for broker 3: RegisterBrokerRecord(brokerId=3, isMigratingZkBroker=false, incarnationId=nNoJXk2CRIS-Jt8OVlNWFQ, brokerEpoch=5, endPoints=[BrokerEndpoint(name='PLAINTEXT', host='localhost', port=9096, securityProtocol=0)], features=[BrokerFeature(name='metadata.version', minSupportedVersion=1, maxSupportedVersion=14)], rack=null, fenced=true, inControlledShutdown=false) (org.apache.kafka.controller.ClusterControlManager)
[2024-03-04 09:33:56,748] INFO [QuorumController id=1] Replayed initial RegisterBrokerRecord for broker 1: RegisterBrokerRecord(brokerId=1, isMigratingZkBroker=false, incarnationId=a1EAn4MtS3O-Sql3gILiZg, brokerEpoch=6, endPoints=[BrokerEndpoint(name='PLAINTEXT', host='localhost', port=9092, securityProtocol=0)], features=[BrokerFeature(name='metadata.version', minSupportedVersion=1, maxSupportedVersion=14)], rack=null, fenced=true, inControlledShutdown=false) (org.apache.kafka.controller.ClusterControlManager)
[2024-03-04 09:33:56,898] INFO [QuorumController id=1] The request from broker 1 to unfence has been granted because it has caught up with the offset of its register broker record 6. (org.apache.kafka.controller.BrokerHeartbeatManager)
[2024-03-04 09:33:56,900] INFO [QuorumController id=1] Replayed BrokerRegistrationChangeRecord modifying the registration for broker 1: BrokerRegistrationChangeRecord(brokerId=1, brokerEpoch=6, fenced=-1, inControlledShutdown=0) (org.apache.kafka.controller.ClusterControlManager)
[2024-03-04 09:33:56,934] INFO [QuorumController id=3] Replayed BeginTransactionRecord(name='Bootstrap records') at offset 1. (org.apache.kafka.controller.OffsetControlManager)
[2024-03-04 09:33:56,934] INFO [QuorumController id=3] Replayed a FeatureLevelRecord setting metadata version to 3.6-IV2 (org.apache.kafka.controller.FeatureControlManager)
[2024-03-04 09:33:56,934] INFO [QuorumController id=3] Replayed EndTransactionRecord() at offset 4. (org.apache.kafka.controller.OffsetControlManager)
[2024-03-04 09:33:56,935] INFO [QuorumController id=3] Replayed initial RegisterBrokerRecord for broker 3: RegisterBrokerRecord(brokerId=3, isMigratingZkBroker=false, incarnationId=nNoJXk2CRIS-Jt8OVlNWFQ, brokerEpoch=5, endPoints=[BrokerEndpoint(name='PLAINTEXT', host='localhost', port=9096, securityProtocol=0)], features=[BrokerFeature(name='metadata.version', minSupportedVersion=1, maxSupportedVersion=14)], rack=null, fenced=true, inControlledShutdown=false) (org.apache.kafka.controller.ClusterControlManager)
[2024-03-04 09:33:56,935] INFO [QuorumController id=3] Replayed initial RegisterBrokerRecord for broker 1: RegisterBrokerRecord(brokerId=1, isMigratingZkBroker=false, incarnationId=a1EAn4MtS3O-Sql3gILiZg, brokerEpoch=6, endPoints=[BrokerEndpoint(name='PLAINTEXT', host='localhost', port=9092, securityProtocol=0)], features=[BrokerFeature(name='metadata.version', minSupportedVersion=1, maxSupportedVersion=14)], rack=null, fenced=true, inControlledShutdown=false) (org.apache.kafka.controller.ClusterControlManager)
[2024-03-04 09:33:56,950] INFO [QuorumController id=1] The request from broker 3 to unfence has been granted because it has caught up with the offset of its register broker record 5. (org.apache.kafka.controller.BrokerHeartbeatManager)
[2024-03-04 09:33:56,950] INFO [QuorumController id=1] Replayed BrokerRegistrationChangeRecord modifying the registration for broker 3: BrokerRegistrationChangeRecord(brokerId=3, brokerEpoch=5, fenced=-1, inControlledShutdown=0) (org.apache.kafka.controller.ClusterControlManager)
[2024-03-04 09:33:56,990] INFO [QuorumController id=3] Replayed BrokerRegistrationChangeRecord modifying the registration for broker 1: BrokerRegistrationChangeRecord(brokerId=1, brokerEpoch=6, fenced=-1, inControlledShutdown=0) (org.apache.kafka.controller.ClusterControlManager)
[2024-03-04 09:33:57,276] INFO [QuorumController id=3] Replayed BrokerRegistrationChangeRecord modifying the registration for broker 3: BrokerRegistrationChangeRecord(brokerId=3, brokerEpoch=5, fenced=-1, inControlledShutdown=0) (org.apache.kafka.controller.ClusterControlManager)
[2024-03-04 09:34:03,621] INFO [QuorumController id=2] Creating new QuorumController with clusterId QT0bcoUxSL2WFJ4tMB2Fwg. (org.apache.kafka.controller.QuorumController)
[2024-03-04 09:34:03,747] INFO [QuorumController id=2] In the new epoch 28, the leader is 1. (org.apache.kafka.controller.QuorumController)
[2024-03-04 09:34:03,792] INFO [QuorumController id=2] Replayed BeginTransactionRecord(name='Bootstrap records') at offset 1. (org.apache.kafka.controller.OffsetControlManager)
[2024-03-04 09:34:03,792] INFO [QuorumController id=2] Replayed a FeatureLevelRecord setting metadata version to 3.6-IV2 (org.apache.kafka.controller.FeatureControlManager)
[2024-03-04 09:34:03,792] INFO [QuorumController id=2] Replayed EndTransactionRecord() at offset 4. (org.apache.kafka.controller.OffsetControlManager)
[2024-03-04 09:34:03,793] INFO [QuorumController id=2] Replayed initial RegisterBrokerRecord for broker 3: RegisterBrokerRecord(brokerId=3, isMigratingZkBroker=false, incarnationId=nNoJXk2CRIS-Jt8OVlNWFQ, brokerEpoch=5, endPoints=[BrokerEndpoint(name='PLAINTEXT', host='localhost', port=9096, securityProtocol=0)], features=[BrokerFeature(name='metadata.version', minSupportedVersion=1, maxSupportedVersion=14)], rack=null, fenced=true, inControlledShutdown=false) (org.apache.kafka.controller.ClusterControlManager)
[2024-03-04 09:34:03,793] INFO [QuorumController id=2] Replayed initial RegisterBrokerRecord for broker 1: RegisterBrokerRecord(brokerId=1, isMigratingZkBroker=false, incarnationId=a1EAn4MtS3O-Sql3gILiZg, brokerEpoch=6, endPoints=[BrokerEndpoint(name='PLAINTEXT', host='localhost', port=9092, securityProtocol=0)], features=[BrokerFeature(name='metadata.version', minSupportedVersion=1, maxSupportedVersion=14)], rack=null, fenced=true, inControlledShutdown=false) (org.apache.kafka.controller.ClusterControlManager)
[2024-03-04 09:34:03,794] INFO [QuorumController id=2] Replayed BrokerRegistrationChangeRecord modifying the registration for broker 1: BrokerRegistrationChangeRecord(brokerId=1, brokerEpoch=6, fenced=-1, inControlledShutdown=0) (org.apache.kafka.controller.ClusterControlManager)
[2024-03-04 09:34:03,794] INFO [QuorumController id=2] Replayed BrokerRegistrationChangeRecord modifying the registration for broker 3: BrokerRegistrationChangeRecord(brokerId=3, brokerEpoch=5, fenced=-1, inControlledShutdown=0) (org.apache.kafka.controller.ClusterControlManager)
[2024-03-04 09:34:03,822] INFO [QuorumController id=1] Replayed initial RegisterBrokerRecord for broker 2: RegisterBrokerRecord(brokerId=2, isMigratingZkBroker=false, incarnationId=VO40rHPnTl6gW2oyfBquPA, brokerEpoch=23, endPoints=[BrokerEndpoint(name='PLAINTEXT', host='localhost', port=9094, securityProtocol=0)], features=[BrokerFeature(name='metadata.version', minSupportedVersion=1, maxSupportedVersion=14)], rack=null, fenced=true, inControlledShutdown=false) (org.apache.kafka.controller.ClusterControlManager)
[2024-03-04 09:34:04,315] INFO [QuorumController id=3] Replayed initial RegisterBrokerRecord for broker 2: RegisterBrokerRecord(brokerId=2, isMigratingZkBroker=false, incarnationId=VO40rHPnTl6gW2oyfBquPA, brokerEpoch=23, endPoints=[BrokerEndpoint(name='PLAINTEXT', host='localhost', port=9094, securityProtocol=0)], features=[BrokerFeature(name='metadata.version', minSupportedVersion=1, maxSupportedVersion=14)], rack=null, fenced=true, inControlledShutdown=false) (org.apache.kafka.controller.ClusterControlManager)
[2024-03-04 09:34:04,320] INFO [QuorumController id=2] Replayed initial RegisterBrokerRecord for broker 2: RegisterBrokerRecord(brokerId=2, isMigratingZkBroker=false, incarnationId=VO40rHPnTl6gW2oyfBquPA, brokerEpoch=23, endPoints=[BrokerEndpoint(name='PLAINTEXT', host='localhost', port=9094, securityProtocol=0)], features=[BrokerFeature(name='metadata.version', minSupportedVersion=1, maxSupportedVersion=14)], rack=null, fenced=true, inControlledShutdown=false) (org.apache.kafka.controller.ClusterControlManager)
[2024-03-04 09:34:04,336] INFO [QuorumController id=1] The request from broker 2 to unfence has been granted because it has caught up with the offset of its register broker record 23. (org.apache.kafka.controller.BrokerHeartbeatManager)
[2024-03-04 09:34:04,336] INFO [QuorumController id=1] Replayed BrokerRegistrationChangeRecord modifying the registration for broker 2: BrokerRegistrationChangeRecord(brokerId=2, brokerEpoch=23, fenced=-1, inControlledShutdown=0) (org.apache.kafka.controller.ClusterControlManager)
[2024-03-04 09:34:04,815] INFO [QuorumController id=3] Replayed BrokerRegistrationChangeRecord modifying the registration for broker 2: BrokerRegistrationChangeRecord(brokerId=2, brokerEpoch=23, fenced=-1, inControlledShutdown=0) (org.apache.kafka.controller.ClusterControlManager)
[2024-03-04 09:34:04,819] INFO [QuorumController id=2] Replayed BrokerRegistrationChangeRecord modifying the registration for broker 2: BrokerRegistrationChangeRecord(brokerId=2, brokerEpoch=23, fenced=-1, inControlledShutdown=0) (org.apache.kafka.controller.ClusterControlManager)
[2024-03-04 09:42:00,866] INFO [QuorumController id=1] Unfenced broker 3 has requested and been granted an immediate shutdown. (org.apache.kafka.controller.BrokerHeartbeatManager)
[2024-03-04 09:42:00,866] INFO [QuorumController id=1] Replayed BrokerRegistrationChangeRecord modifying the registration for broker 3: BrokerRegistrationChangeRecord(brokerId=3, brokerEpoch=5, fenced=1, inControlledShutdown=0) (org.apache.kafka.controller.ClusterControlManager)
[2024-03-04 09:42:00,866] INFO [QuorumController id=1] Unfenced broker 2 has requested and been granted an immediate shutdown. (org.apache.kafka.controller.BrokerHeartbeatManager)
[2024-03-04 09:42:00,866] INFO [QuorumController id=1] Replayed BrokerRegistrationChangeRecord modifying the registration for broker 2: BrokerRegistrationChangeRecord(brokerId=2, brokerEpoch=23, fenced=1, inControlledShutdown=0) (org.apache.kafka.controller.ClusterControlManager)
[2024-03-04 09:42:00,867] INFO [QuorumController id=1] Unfenced broker 1 has requested and been granted an immediate shutdown. (org.apache.kafka.controller.BrokerHeartbeatManager)
[2024-03-04 09:42:00,868] INFO [QuorumController id=1] Replayed BrokerRegistrationChangeRecord modifying the registration for broker 1: BrokerRegistrationChangeRecord(brokerId=1, brokerEpoch=6, fenced=1, inControlledShutdown=0) (org.apache.kafka.controller.ClusterControlManager)
[2024-03-04 09:42:01,031] INFO [QuorumController id=2] In the new epoch 29, the leader is (none). (org.apache.kafka.controller.QuorumController)
[2024-03-04 09:42:01,044] WARN [QuorumController id=1] Renouncing the leadership due to a metadata log event. We were the leader at epoch 28, but in the new epoch 29, the leader is (none). Reverting to last stable offset 974. (org.apache.kafka.controller.QuorumController)
[2024-03-04 09:42:01,070] INFO [QuorumController id=2] Becoming the active controller at epoch 29, next write offset 975. (org.apache.kafka.controller.QuorumController)
[2024-03-04 09:42:01,072] WARN [QuorumController id=2] Performing controller activation. Loaded ZK migration state of NONE. (org.apache.kafka.controller.QuorumController)
[2024-03-04 09:42:01,076] INFO [QuorumController id=1] In the new epoch 29, the leader is 2. (org.apache.kafka.controller.QuorumController)
[2024-03-04 09:42:01,578] INFO [QuorumController id=2] writeNoOpRecord: event failed with NotLeaderException (treated as NotControllerException) at epoch 29 in 1255 microseconds. Renouncing leadership and reverting to the last committed offset 971. (org.apache.kafka.controller.QuorumController)
